847476170
522504184
381667974
2.2485274806471294
-164242944
7655539257274744
138943309232453538
83803389264360934
38671927019095211
-467214614
-45726187
305787802
1.6055122952610936
121970453990015934
0.6459138465712899
468275236
92845158
494769434829026625
239777829
488139295
636096225
3400185377046030
1299165157
396827552
1.3255837291889623
1.1009265695618942
-55986732
92072067
-609646681
522454979
0.5160405419260922
159257000
1631630
214604929
701484129
-339117810
4.623658027186399
100475811
748245658
61124587
450800518531544832
694729564
1.369815668686303
0.10903670464739054
22803617
278344378
4.163733257341261
424746632
525903279
-132463615
1738851271
16283152270622754
16.941147372941632
282082715
51223482
308517374694024846
1.6315948299790952
410778889
664018657
119976902
79946005542484545
758013419
83273195
223109856025054062
-251608893
-3663877
37.717439550254255
34957109
-674609663
166736453
1.6123829056921763
101174644
93075617
50829874823079712
351736117503873531
2508671
174343926608487090
156645427457282132
674905545
760090979
0.5603512911786562
696805982
1131382060
2947285
1.7585016926248773
33839321
3.4433492291823566
653069060
569718433415207362
0.7195385720043328
1.0367235492084554
570105370
0.940277574068654
568149522
9310261300837974
1.1216847781232133
5.1919048550864195
16175388
504951342
185549832
-365271513
1296973653
32799263
467459426459666540
421063025
0.2539248435996832
3.964459912028261
0.9440353166694345
98883241
122031338842470415
192219822
0.7963685989219271
1.5853249789345893
602912695
65256175265809555
791556421
58657756459513050
0.2566629924062089
58645673457526095
0.19723352799522673
-48955911
369073842079050913
1672411756
25080284789665616
115529015
0.9787085119419631
1152623929
-613829176
3.7514777403557087
464218909
386308542126823186
660835233
73320350
52630722
0.3582180414774835
0.8378928474341014
1123456997
877484955
777884137
11975880777570240
-604742495
931520213
766180835
6.154191577081961
23319575987522352
10677823
1929154
57752701
0.290495506950227
97087461
0.9454065061522348
699326473
312919360
586279410
0.9511995251419954
65185221
2.145142058577287
337208860
1348923575
133666826
1772295587
14.119662670215702
1334091274
48480574209887776
-62893188
113738830202602314
420051391
0.5480309470344696
59511538
0.09524354651404719
804951475
259978564
320749830
-351789257
257190484
5.407584466691793e-4
231858955
104102973
1563590596
67623442
187819697
-356450088
-266345223
6.225323289679083
-371263063
0.5642743473619573
989424480
509277308587818336
1.7161433218995858
18.055256544716947
859601204
840699193
0.603380206788448
-693658358
795398409
718719432286669040
-653990789
0.10315909464370042
-54773331
994786060
25256196
1044512832
1111695148
786088449
-647343514
290122005
662044983
0.001176404873953991
1.1131265053344463
670262127
804225143
29789775496082754
478484816
7.241712361137402
1576912411
1299577549
0.032389619022375644
1246296
86851677
-325504309
9247779896681989
57944167
2250424724929332
267233448
0.47999478351694874
1.076856680297731
150931861036670000
667540678
6772276943644640
1.9780355582443756
14580836
552804290
83.34935187638006
387722948
577246327
-278552302
8916684
14188424252533990
400021730325086181
285251370750856009
51544640
5556978
-510962193
282072380
-50888194
202542822886073705
516432627
60678709
121044000350450508
309982385676953181
22795248886436512
-559393553
0.1485663074934853
-433919437
641076269
-841387902
-97546640
1524167039
0.7508461595848747
4646900075798328
1263550156901235
93307951
-186719225
0.04911861997832051
1440014115
-154934104
742762650
216858617
306705607
1174750012
-29661083
11614856771384592
165822035335929676
1.677197104849864
746674795
334042729588334592
477113942
661597409
364165051
601966308
1279221572
1199769590
368365183708770048
93622733
197698096326161249
7.295068951304369
684818947
714830968
1.3697170524703477
1018126695
74648278
3776820
1314618065
0.7118579114370254
-339182083
-84439223
176466160
325498081
16997353880909015
3.006266924737992
2269260900669528
819737098177073226
7.627486018033895
768480225
56460358851759264
701666835
801381031
523315818
4.017701843682435
385070728775818000
5560658
43912558371231719
3.289705737920566
171507121
0.10801298010790143
51193305
1372812414
835749411
151807029490753494
1.3151351881697402
568716675094573759
671445591
0.2603559433878511
1193750713
2.3259880148807084
8075232931068112
-584274789
2.273706134974378
1007199061
-54239257
439282976
35119884077067460
279844993
436661414203874970
220849534
13153569398410914
636461598715321984
0.08556121002466363
4388603
60549950
114905418867536873
-27757574
1.4655866824460115
1504719174
1.2182024392345634
892981449
470893972
92075059977690180
200775759
1420269319
1717793537
39465595
-565482480
1429836594
17650114
25963892998731667
3917257
-30834069
449752238779385073
27709546
-534762303
0.24456739235291766
145534201
12458781
410973517
416332111
881839529
4.610471634266096
7.424526255055756
610820683
1880170
310451513
0.3078832770832356
-242551992
1.742966917974443
-36133224
627474827
82062587230220376
0.9167123652120076
61588071620546201
51211444
0.820335793954773
710384354
157987477046044614
300763428457862728
4.164593345185925
278981270365257515
113210597
1.5109525410418552
915780039
384519534
1330274927
5657832628968830
551433361
0.8461589530524621
997344918
398794303
58326052344176660
208645044
201422354
0.0554975965882078
41146896
0.21278382154282008
1.8148955467629166
0.7081449427202131
108843384
323875484
46.09877032508697
0.687846985927117
438816350
1598500423
807577243
166849443
338414613
1058435800
260721005
403606011034389072
837962005
714441665
1900685199
858751099
-784905126
0.5630676020844784
571859364
232961817590472942
76319941
308270502
0.2101717717702522
173137829
1247899478
570191543
898827183
21510760
52238177
78787674
287846963138217516
884384097
68389942678596132
2.967517996223537
971155484
91088450120997589
62117881170734340
426643652
0.38681096614654215
515848216583088
146588986
1435431621
0.7198892282423511
-775574316
1.239307988765815
13.013120425708875
104194281
1.2539442642391698
-68503155
1155736124
0.801247374751566
601016964
0.42420193885962854
489835934
-92859545
1339152661
365243650
5.0856445732786675
1.6459242566514214
21284675438141187
825357126
-209798109
-37541795
513555857637292386
279668001
989754346
2457246284665474
0.21580600372912076
24600031
286296092
102849552
-536400566
685640531650784325
301380934737714352
3.219102503215267
65670042
467588756
0.7942979295402758
244381070687660704
0.1129086250083365
1347963156
333393811
0.7061987270707382
40444279
160652154
139449313
-463589909
1.9217973048675236
136444453
1689255840
0.6809001803315328
108007832554022300
2.730789879126537
1157107618
38311697519199840
905135938
2.7450630189675547
297957336
21.292236993581888
21.60019992862282
0.9199047390649164
1022648
12.710819253131115
6737168001160494
1020014297
320839266941422320
429546755515269870
2.0992793588843615
7.829185191766685
71235472
92134196
2.5430403924118785
413143691
605472044320134960
3.8435244653652867
0.13570537979143862
-29903876
300947668
219040286198231241
1.4839899852751175
0.2849079484392247
329998041658771248
214364289961556579
180869746664849536
-64159806
53410035453290046
0.66607978358056
5.615506162834889
-134884536
-189782431
872631556
-441234150
421822568
-553875121
143044992
283353024
-302809152
299434833
-148085629
370739611085750649
102029259
200349760
2.834369164110125
887135960
1.1393029517005704
171161721807907052
-631675857
1.0678078627914804
-442720647
286119984583796562
210518750159299156
12649405
200551673
14647377
413095519504945200
877384
0.5814268880745346
107577078
0.7840480282512966
373107127
806937314
937842153
448344585
764125083
120657050
564227757993054774
58167657
1106085180
3.8659271381547655
1.7186681987282486
1071354101
202839128
465166650099830510
-240430861
-830147333
5649651
144489248
9.411474898946562
24163107
2.972391398388428
-467684794
622291989
-192911656
143368088
52899366821175462
5.584460535569254
588764011531644328
1.1151508424246535
144500102808729792
0.4468296293179416
1.8369110294928763
674517477
54472968632459974
5771933
87436204
714604042
0.5644147610507977
104680784
417331939238968821
-84318303
1167200192
786425935564145520
56176663361820290
1855641566
1651673779
5364519
429100204337453592
10386579094723280
1484789723
0.9913792152603419
1087834969
1.1795026472535526
0.9407372444649775
25911939871615524
0.7806407731107228
-575137632
1840515
0.25191085715327
0.646197602066885
937906654
0.021887328405839318
1506918785
375573332
0.9071987378264127
31032347341988952
43357651
0.6241712652280214
35499254
1180101219
-318336347
-88744545
0.8725733376864417
217764911
243079601
408476937
0.7296398305756213
-70080021
1.8699889690441545
163738228451869785
318008846
60691282
634722317
0.8218395965852375
0.2144101956455715
0.14618866080318896
-21241132
0.48240527165990293
2.970105638177583
386623661
450947728
531668682
1.4713063596141778
0.4370096418051482
0.06815775550206447
-303882205
1039091616
689268833
838505519
1.8473828053152463
986293346
428757829
79560016248914415
325217335649121240
263328825
1798052373
0.08584847826870334
2.585031255297237
734499695000041080
4749633645021342
691306059
482769443
27385881172925220
102748680701167920
0.584019247696628
142072272
851666496
710723185
39419033020497864
1.328816486670681
615288096
1848429881
160568744
1328134554
1000115
804192926
376578029
422398106880904812
0.5601196283740892
426621335
37043678802377128
1340298834
487823500
188930537
0.6009286123160961
873274666
242896905
-69432119
40067124
543449879
912516448
235559178
141734483199608180
346115058798704910
790278885
89713836
1268561296
9965363
50560399
68855927
527150874
149804588
-457411910
934153172
-206242140
26404960
0.037047614746939274
-135507287
38.35604361220233
53780149
4.028166803989096
429458449
0.6907147471698909
0.2891334160722369
352486838
1087244216
17.851516658041863
0.3505582429914647
133249156
241142570
260047433330908730
263094522
464340443
2.3203692057804677
415613493
10471602
7.543483705914873
-359410901
175142781
856442657
288575521
34400426691297997
1541069733
826874768
656519161
2.502187194495994
820450277
1506935
17901190
102130140
943363005
-239846724
587899369
1169726295
0.21523706503372556
1438693257
41687473
10080538794807998
361108471
239765529
0.9667726979224983
3850891
-150697129
514189961
1211290498
641344420
629180724936099604
2.6393571153926154
-56239576
3.25368349918712
-14270377
0.980336544504128
235734933499672250
179256372994090161
33591275
3.0028237729752423
45682297
744026689
4.737734444100257
99273485
1495878930
1183766299
680717572
661104888
3.5718455745228277
1929289689
1606796734
48919532916901788
362477429134426281
1056460770
1547099166
83122922586095128
8893951
-244598615
1281057180
992828875
666382106
329702011
50618320736597460
6.251518296127297
963913470
772947102206562192
1087478880
548024693
530729553
-229800156
378473334439140592
1016038237
0.7068411096257821
-709034679
-9813001
157673744
0.7585760131351588
-219490048
276676515
23400816
21875060
-792908176
287261291
-107052609
1183423200
654385696
11180984
-690476066
45991493
393801942
5.2086760467012665
265631831
1.1368727224297948
499675235675903235
618845874
566978660
2.64885170537757
-316232811
124565971291818118
-528748490
522867493
772593402538504179
623521369
57773965657177457
569638622333938420
1.278287507082774
550168993
540700682257306176
793583916601724303
818687881
992114
113868105431357790
48946886660414221
-477170304
1728139063
213799680
73164124923110319
-202482848
0.4152803307376584
-234367096
236306833
69758692105977160
674647990277773673
711960705
0.5323190351004697
16063717084447046
1420032429
0.6750441875133829
1074346294
176329463
311056402
160823232575643740
76.19289280352055
0.8416296067079768
1648634687
1299319446
183932736944237180
11377242
1181949981
757689447014163
0.8952291663196816
0.5100813118234631
1.068027701393142
993656664
0.8907531892500101
101982605
1431392522
129299793
768249073
308948509584812598
503915039
5.9861917728275476
111686529
-695079410
323379191
549986767
34288985
52241725
56196028494578514
580433707
409294305
434043380
754311075472752700
678377465
89734292022809140
5.022616056057018
192316739680738257
1300096683
-167672388
1.964900836359925
827447554
-779652692
0.9900098609959027
-126326231
443665879
17.659511546906298
81994518
852468596
2.1980774296098775
323002102
0.4234810493145163
-63304475
26047884814478154
0.9763168747920987
64590334
726143816
185443653299575704
86457246
53455207
-197059122
2.871759458623392
1690535841
503050162
0.2903550905830573
-704846773
308132080768941460
1455343982
-562986448
0.7105950173076004
223527071
1.0952995933956882
71435255
366059757
1403914511
46748941
1917554342
-883747286
1203958843
1.4687560974667477
411876714
798440499
136469131
85734561
6923232844952860
198875393
1316646200
1247818310
30976344
574244629
440888719
0.08768277753385566
365482794911749710
3.8561700881660625
1.743247177551121
606525114
393739534
115596545
147715871
733785372
-377214610
237011238
55043830190081952
929672317
533569404496037127
496589055
-210878436
0.8979346982183453
0.5023953075264637
640676481
593947323
33946850
-5545337
0.20821373301525678
557566768
-560895953
283044515
784489603
216276157
-740044586
679249946
427872687742026935
285677994
84402904
304326411956104032
4.116612722525511
657146740
1373844356
1029437575
583586413
2.3418795624875206
26758038842042992
0.5333273219903086
875554203
100135995088761000
790720134
2899137
63110246914318110
396859620
328739567426017410
149420303
-749318216
190652399
5.335463449905481
12367310080326262
568123828
8575527
5.67796135942488
223106423662578040
1628871
263948912
608516080
1220016439
0.3871161284204678
606285738
-280451083
-268852568
0.3640941794800238
6101284
121999711
-55945745
184064047031850104
1486531047
598765391
1.6188868610192604
1.5734961858616134
211361308017906816
-552381002
-142206639
34183672903602200
-369669647
167090494
469184120630959164
308673662
50818078
430618424
20696221
18175648
115195024226593696
1455271593
505230516241593934
600359389
1403121093
65632022414302382
574605368
74301006
0.8029073358415008
1.5521683088369485
179855317
-536280704
827248028
20613957069907656
8.516857358636425
138388376849796480
401562773
530650192
56607814
567145456401342915
229596716
0.4148646296836509
4.213426201318457
287928622
167507932
1025796379
133334040
544957150
802940569
317129822
3.621547643698813
11543578376055808
575964950
1250996478
336471626
326310376
498763367910850350
-95910466
443273492097929316
469414895
3.737861339143593
78876180
290809968
432719802786863304
377154727
445061744
1052417939
633770417
160147291
536109002
190048503274619856
613311130
602372904
53282025
7437023
32557104261802317
743946866796707276
248336990619063198
193396981264229630
813950667578709376
1383998967
1.2135434507790577
0.0017632858106406304
0.5132627889827468
197297075980193552
520802177
467337562
0.7297538644931987
-25806038
38558356
1102535045
295744929
0.7695076869392045
7635120638562204
1535750516
41726685708196112
865029304
724795278001176530
-269466433
155238728
1.3160862192996832
22487533960869392
854868614
0.45178652803300506
13019732
12.1526473107051
47065104655544481
787708242859488456
788101786
-70556712
142558696
2.4603683773750378
1.5555353416311613
374459049215705860
598666075
-371694175
272909095
0.22843989901264528
781046980
-633503679
206642128440523020
1327513944
157416085
0.5237150421127107
1.6226906971671973
-161579970
166778016004150794
248398267622589770
265885061
925849450
8.064603378897557
1414806589
-490298873
203953657
36290812179945960
1428805685
15773356
89710090790551686
0.7567563707927298
96346294
0.3793285880823584
29263825316534847
20419207
426673468
0.6068332647764185
0.09707199770543246
7275150
1395293572
0.744684872783264
15808911611302368
551071930
-110524777
158273991
186995819
603134638539752196
63.11387908865074
4.530846976891311
676702950423716216
1193023311
1.333152135804576
387431753
16148687247310926
23643579568821282
0.7566987230802971
1.1316594103392026
1488278067
71337545
714820360
1390562100
178446031
73751555636058718
1363587176
0.8883873731075775
1080673749
255131245
244542630197327008
87712989459084005
1559224397
396292816
1491509012
1.3123822462022192
1347295474
418050900636514240
788476726
864934057
52025811084106580
9.4978828624306
26960619
1.4210244441311632
0.7181264410890934
0.31779719621919084
851334422
22540608089488666
162088580
388336699
89233633
339024548
319268284928131540
-66399666
10.107296172345105
16482005905357780
144187257
475304629
247109063
220543317643404068
-401903910
0.1493268366873435
936616517
0.2692677899794086
19409549
2324051395002624
661823349
0.7966628394559628
1.785166917882528
244194783
746799759
665585912
542376241
-287602385
0.6838695064992671
263006986
606664812
255174180
543042300
-80941655
-74402066
617185422
107760359432674576
119381388365777260
497079262
862969063
6.359849998856548
32.99594803614446
223908219
552616799
436553618
1489962933
-325788221
0.9238453810338324
53644451451890727
383821584
215595483
99023485065395450
1315015895
268157309
392381455
573940098
759697099
609144740
0.9827887572705966
0.359156128675554
-86495984
0.41424490215729287
1.152567614673536
540677003
699839166
304904441781957927
1706795943832320
98225334
561320967
1.0986998334440519
14119032
893760504
-518702620
332524990
151275200847381153
1.0690396664125115
18621252285364890
3.7209575505697448
233412663
719151515
137946875
21901306740013284
370841906125851552
201627792
1714554275
1708196812
553269967
247601228
1.0224352884831547
424679484
234378262422531315
64499897260650948
189383265
31765766
678517311
589541241
1611889449
171116849
-228150949
695817472
128179143245512950
8629263
121567790
-602769837
54919819
-408465535
1.362667100170452
1.6860843290058039
1.0135910172593217
139700887
18506480
0.7266172457054975
172316621
1.5462082866031088
590161493
317445034
0.21042293546426158
34139965
0.2356239191238879
574131683263804455
43091801
505362635
271394525
1242280717
7.18677128578406
201752006
1.2594752283660262
161672503
172797974
84189629116272474
96256843650935163
1.2133109401516209
-378542733
306103029475901262
412120247
42589816225951128
897890626
201725087
1.0914823154408582
541694279
511378757
-187717840
53782233
61572782
1594897334
0.06312567980887895
-255739239
93358050328355532
1165307887
8220104784121040
0.0015077845302465637
0.09782200001049388
0.9358891633367975
-878035980
187596
0.11173088457617313
97338974
1363320223
0.9022586751427533
386442658
2.377205217716768
12.541212909626088
0.16485236880265558
1.96648241882161
170736264266243416
108724820087489375
269100923472918133
413146053
1122826652
801865947295667320
313275368187336636
179291336
2.9282173564547933
426685405134283328
816097494
2.954468199295166
449861310
257913453280395836
347279225576404527
0.9561825125136318
467707708
265581948
-167367847
510047127
1114922909
-178455544
-764393886
5.630232552192095
771338758
350558954237753138
0.3717956646490909
1719511920
18288867526752039
22874149
95933480732580348
44462563
511566432
-675987306
1422350924
0.3463619893402029
1599120502
191982620
0.878764354006745
228415982530378698
-538812028
705364670
386055698
-90056966
186577468
1.0034566736068364
185208103
0.9267686625869509
240047668817789362
272378119685155888
44506507
659445401
226590518118718440
1836682519
35589478
-17807465
786691854
41377367
-289800968
4.863815181892678
6539952
63627668
2.0850444492484974
887412982
395491802
236078081
3.342956194265679
219271726
292458968602903312
-180465212
5238868
-400064801
1304352072
443354323256390322
163068073521220770
439454539665367220
224607251
1868847021
404656864
148377981309900848
0.9472783326584279
0.7884518906061678
0.06827414267488349
210229907
83138541
1.5642386267031636
508574189
188548679
152057576659400313
-276134167
591806747
1485334444
2.171446355171807
0.5635333173258422
-32110826
107992672611627416
219755306084158786
3.6601387638488694
781824413
0.10576125913432992
101089662
660427768147798623
1627961627
951304144
0.27524056393403906
113670642
73872941
-99597491
552905722
827179384
49676443
50187834
-388380302
0.9147209399006359
746540312
1413353478
725467440
172912643
8.15292696454485
177770532
1647867980
249093877
6265753
22.035082880079887
0.2060793826960374
1095373683
2506769328749440
542565826
482204813
244789118
1.8607451925639205
1124769437
228081242658745448
616313942
338505542
10.20355363911755
435428345815439536
766819085
5456300003438070
49447719852663330
0.7760675928808307
545582453
0.2920120725124707
47035166838007375
0.24426218523896956
0.33321078484084143
163841546
1553977332
0.4247888196503953
47761109
-397216580
211797746123337009
198407723002884543
981953737
49832349
2424580
129263406
76787535
367902207
106294807271159000
2990315127823065
-468609882
517393587
-5070518
27145945
378746785
95770663
3572451149509716
0.1845490793417143
9711710
335867016
1271019096
919070772
761421904
229191623
168897848
1.111276299662967
-271178821
110567587
4456569
45851523
1064839658
1334959586
1095372764
2.370662103600801
0.4905451849580136
1393445633
1725135272059472
195402306716904416
25479297
122894506078598436
768313947
477541718
623973158
-358887771
155748818109478964
55662137864859768
130968298
16374833
-75473608
20601176726142877
436099704
-248211887
774688961
1.2799248570624702
1666825358
33.01684020496736
415923697
342253369518204368
0.7161461465999106
171924218838393120
323277723
3.8977387388985867
-304969671
108491377657684460
-36304095
1051242
14551633
170290587
1303003924
0.1466311443599708
3.140828969540618
1.2335293365893267
63877106
83214306
-900836595
256238353
0.6888624211552514
17727156469590964
143892713
501531349
293887780184614772
51771412330033086
284842703268286813
520636873550821262
-216678534
289231243
462457368630521536
209412121
-75769544
629876825
-509016229
0.06843182790725084
4.353230432262535
0.19001746464733568
83787752299236996
85950801087127403
157871195
1474029896
22.215935191562796
-251320760
0.47923923443674304
1141257571
0.4674716575733107
308765633054293575
25543187
433663576
145449666
202011967348714841
0.9009783190499638
738984993
-360313996
747151469
1555749004
465328012024642608
-157386457
746864678
321526539
881184536
559825203
1370556041
1562543
678833494917605748
1069289505
18924245318559525
101724939
4270800300123335
458082931
1600286910
39112662
39829060631856800
9579104140610280
24883183
474361115
15998990
3710325
241015204
1076338194
90037446
24.872529795082965
0.35252231132046163
0.3780419059852069
37116821166853792
1685386689
0.9010571054224036
1065463165
554809521
352487934
177163257
70976118942757200
361681095
185552544
-444039318
797061258
476062201536777856
354769275527876220
41195644693273767
7905866
1096809215
1083873151
646897984
1.665705110696152
99833214572518368
940045577
1655545610
375854779251770028
551309785
0.8432322775058465
0.9917423001289029
1350340520
797642628
1.286983978572931
5.36979730455456
235360422
1.8312740993748402
148477564
998357909
292311854735709655
63167478
216415640
109390316
18930532
336229886140626312
407716494
17464537
-770493958
0.1905336116852836
458918392
-37097197
362875118
553873558
0.09896097226795994
263416935
31185264040156985
683114422512383265
39961804
-457597052
189070100
88627484752267104
147319406458378293
909979319
735338458
1477770374
-350554659
610939940
551308329
215177269091115460
248442328
57140641216249160
209310293
4.123721269596825
372640110846274020
1.2446196613917253
0.17520018215900784
3.169600725890083
0.3931040736406304
30882391719607420
3078037
322123684
152157845
283253537294742168
1342217798
147211267251866492
25944864
221670810606990000
1.3479520409416055
165941326
590579570
76674744
179893838
277796379
494593726
949986617
239227081
930926086
134881299221683014
642762861323514848
0.5773989483154869
67088670605293150
80079094
7637816864813577
1685210075
1.5232409720554825
807414636
1435710566
770324500
-207289066
238081119583988744
351100195607177346
4256509
729360106394495040
827310013
-180639206
-401524310
4.610909748134581
-186199559
-926558907
4.169459742540863
0.9011310878829086
0.07649297255301
186326963
967839310
-550179064
4.621453246343705
75385098
203711913
2.119942750492634
173094667
1131098753
263011025
374572197387045404
1227355688
0.8342283780691947
-428728365
3.20944605597365
106266079
111039580072443975
89839566
2.0532207397493583
319674479081084751
79403283925740381
116867666177938962
0.8141967877107443
-428094081
0.5614116635241636
52136714
341634792657209586
759113207641573980
700426541
868483075
-50919440
860211654
5466483911305024
-96366849
25901515667824875
349330509
170118489
0.1615416193585689
426399255
131359368
283365351
228243393
35699921
531571777993765608
8177214430859978
51434367
334477635936940080
317012355
226006634
242373246
0.29677542493335424
9.26519334565128
525107320
586342915
28502481
-201969273
280698263
705371403
964518493
1.1026368209878412
830094929847464058
26067616244661916
0.28595149107130496
55593921
523132209227139454
329913724973012226
275786294356176450
893396595
296003910883287040
1301174968
-290810179
0.9884991801005186
541057799
863280095
148127690
736734963
193189526
81466400
6839850
-736417799
35502309516684852
94821839
65474090
62175473
0.7878394525286381
186348566
1045996297
907722420
1.0702486496163637
229153961
85269249799895700
727875340
-390191831
0.4545086541665837
370166610
1111548955
570728707
49868527
6.612376800304515
17820376
22566529
65371978017437175
10821889704320470
-320520414
1221194730
-109484425
0.26060089264019387
6502260981364848
15025792
85591580
51165127710151728
-54136168
114370421
806828610
22.87680378359105
56193085
-216574395
1145611809
54427958635072842
0.5695965538400024
751699827
32412050374747383
224448128486583096
271605799
3.5405707294503572
-239225825
38770466
133620565780327987
-23811219
303687174060095722
339220628593070184
1302645688
318274317186124385
0.02889570395483249
103277449858689410
816143596
830280303
725421578
0.5706755047116034
765551737
1075231890
924114900
15759833
57705632
194573686549223376
-655133909
-110662180
3126276672617439
133998381
162764383970048616
58721775126405525
444026492537455880
-692961556
39465133060294968
373299453026404569
520148695
633350542
0.3143181313491176
248878243
150925165487240372
722355985
0.864256788797906
1.216151899208084
565754455
125664730
570936757
317173257
231616516404550979
1065178972
0.8497827001761828
213314002
123891615682398592
173169050
159280239
418935781
112014765
0.6598260949165798
317050683
1500085274
275287661065825533
0.89641868188558
661898457
703390302
99404647431942694
865947237
1165804273
3.1825929373991166
984409934
347924355328996160
1259369905
144156560
23358169
162529527
0.3369205807945044
-325046449
1648182586
20925404
0.23303196279886376
-483606560
6841133
-743433267
-100948774
1486295959
838732850
244488531
94944852
0.8158391428070056
479126653771789593
234527342670246830
839228365
1897379015
-676834133
122346988
-530443168
1234637645
458133681
958141523
1.810286639003339
1034012494
1515453291
259605475
39.93965044002974
21.911782921498
270283834
-159937039
82684040
1.317225750564158
132261422915110200
994213871
505846447
0.05312915693916401
-95504080
1069270583
47568188
33374444
48023582575297368
662801030
41624914
1692487588
0.4714208336359961
365867535371324960
105305391462670590
0.9099713552212297
99126881
6.296798246338359
162150165
17.923848742597634
1530242094
270985921
47127424604808640
54277597377788085
48675794
1689239585
305239048
1007839208
257654285
82091058623539020
137386151
109898763
0.03012016163436818
0.8014133718171217
318448691332979112
101618382223308300
1659732732
0.7077289685496284
198237997
3.4720177458987806
356268161
132236492
776878473
3.073015072868805
331188271
1058910509
114205717
866810556
125347413
-318170782
52554040
283075790
92131939
436587342406587676
559845368
0.4676394084263849
705130832717011974
85339247
8145899666053551
140509749009719076
74694565
0.969953662436307
1.5099753214598646
1033342703
1550534973
1871446560
129598713
357627239
266463573
793135852
1.0462643749979195
789242721
1.029435095227002
11788163595705294
2.711026484504248
13042951
357546683
801629630
1309396548
568173674
1.8934843557690877
-391394034
412055783
30423068
841759586
877137713
14086763
774538779
0.49413011409461993
-527906502
36101945
414167880
17094841
27756772
637736696
0.11262926665807174
1805035764
221372900689911555
-62440167
65266390
315948427
0.8614137311734962
-31046640
1.209005425181708
800307460
1.3228856620456317
755831451
1580820324
42066503966169360
120020209
5243661156891168
1316865247
92110564
711445976
353909355289760679
139120947
0.8827163161320415
55672566283981867
-559747839
222773296
198357006184868568
938921060
1510210614391108
-420404603
12812040
0.9559905786382382
1.361712463828766
0.5551188734337806
1601688711
36888604
231508288
23024959
1176000264
-86356132
2.276755004074995
147102892
807688434
-694925944
279124959521862096
0.7393203697871885
10608964
5371488
28864520392684977
35064835697479785
1.3259384338027556
0.3252038053678414
0.29030134205354774
0.12056964525528703
0.5606795897346817
1509126
80271729671510377
963653745
253322705
1712379923
3260579068137706
15942.433638170975
94132826
507897212
308065412
489809893
1063017512
288138907
33138582
548329519
441125540427041448
40781942194394324
104862866559060731
-84261906
364076059
2097402
226038832
180642482
187745213
248401363523899680
51372022
164526149
1015488253
5661656887990363
113365258
607151379
-48008321
2.48014164082892
587036526759851710
1.8301008596580401
1498357193
277581314
222039352667152199
3.6103344399744346
66383489
1.020087009857414
1580133984
-70655936
0.7519024759379621
165862639638304813
842056371
22677597
325702459
1.7639538005865079
0.14569046812954334
2.92292761866891
377806604
780403426
1198365226
-739586398
158007551
962236436
427593426
7374189
14831453396719125
60164182210530112
165368914
0.2355348561693783
626177043
45212276081280700
286931380725169446
237526117
609618395
320314174696556040
20407821364548520
407286077568432300
1.5948484738011535
619745360
262562955466847772
135716709928687788
0.05187465854092841
-305945755
470346812
0.5091122366834823
1305867177
-239855177
204116192
1.1887300456105685
20658921
944200811
-863235349
28017656
22592900643883590
40844012936144322
145458379
71727699
464204099
1075413655
0.6911074254286123
1064457659
580940758
2.649388448255738
741091863
1.814208899803588
1863875809
0.6975119876199574
305990927
514484596
153776458
495706502
52440354
45795733
499900432
166147612540411012
-263599071
49.329037214771354
40461743
583547422960213530
571568475947794368
55232323
1.5041627005417928
0.7264458751138994
909121881
892896657
1.3710462289678318
233787687798707567
123656530
0.47661399002595023
469800536729919843
0.9878167466221195
0.8399890124157867
7247541
28074530080585228
15.442167864028347
103427777385279270
2516740
1.8350049117022245
11613069806950272
86344899451195466
871209498485062205
108657838
959779336
64851454
1.6256292992849837
264654839940927530
47.2845244318626
1173090623
298016122333989500
74120098
22309656
443040222
4340815796545652
999231537
1042498802
149653313835372814
843485124
258312028
1394040550
165095809
128438065
966449216750052101
1056823921
0.18180937046184642
0.7324708128135982
-397927125
1.9188478542578575
17608329077442390
84215445
0.7764502667803861
196573057
2.394062537969964
0.7065364671467023
-171710650
381102423
258176586
-185961363
485106481
-126772391
202075574046912346
0.5544915931873529
932837517
6.904999388367695
352826056
461114789047489818
4.658147952278503
185201310590330112
961250414
1416125641
5205526
72930997
140574424
868791351
1339496718
-52072195
20.384525205092046
186446802
538431961155416225
2123362532321744
6.531584758258493
173528559
70709643815788544
214955147667062936
0.34142022752736845
213837526
2677601
354428737
1938753105
0.5683482731721705
198308853044761870
596367821
1353104003
0.716763491719097
-83972064
1958204693442592
787452093
95614961844630396
0.007572970198759459
0.024203823459887416
5450760866950926
72427481
32739718
660465518
0.9537957907942478
0.6659877649929691
49552429534154118
303461554
1070168792
1.2033992927273816
212834464
124552556
1157031385
139081459
336789908
1256898574
128626469
0.4192543916004808
0.8635265888930099
699291070
1.422913175713533
-533846744
551068995
1350257706
862538897
112125393818041036
239590760015555720
2.2398001816041737
599949159
47783158
513709820
1317093179
21814416550707246
409745500
328154441
0.2233802930799514
798428773
-640866043
788529214
1.0525087069822374
1555052355
67321026
14799376
529843405889840
693514229566742340
313472590457798772
116302491
805441696
0.14378357419778048
1751031949
-425681063
1455354334
739984524
315519478
137805916
589863439038806471
-192271043
152194742
242270722386260470
167465074
0.8053020811587799
1.7945397133387746
739155286
952165164
600450733
696438
50454225
2873431
0.9753195751723015
-650608120
1061911710
1137583713
1.715178674129708
74303588
119286346295284920
562491656
84809773
418071480
56523885
128912641
1.2158519789064268
188570153
769282695
572612567
100169321
56300694161345800
279878228
526274408464913416
1502276097
5.216259039843192
620948005
305461409
80061811971860022
132508819936283184
4223333099035944
0.34781537098655224
64503218571586560
131673650
1.014092348497904
760175892
45912262454942595
99492431
91089012
140990936
1043071978
20.863248779829604
172528436
856070911
658598886
1804793510
508955475
14129977
58080912
698171626
932627036
12117523
282988608
352618519311872604
254069590
6318695
26824319
1335022991
305989390
338546246805881062
739838386
671350807
3.5125172841448333
14230249
862972335
9.618543987901713
994146740
471034439290311075
863028121
-771007388
-204266616
0.9928555256571775
1357828986
166669700
-32265349
14341073
68708690
480394613685886098
683670114
224677740152224008
105530230397546626
-452430415
-67100932
1283030414
1234069015
950223506
12682354
438374767
464360560
685750066239595333
728653613
929075675
340434419
81.36802262588398
758853469
252455998
391445362963704119
120275760
33945435
25187479
4196230
30187184816496297
971202030
-260846823
1.2930971803372224
363336720
286445503
996289706
65687207
-199391569
0.7720403403689796
983541731
1.3975019108996447
306442946
118318386911667566
7.581794931164458
6679368923954580
406264273
415650029805187716
210511941
859093912
1283185676
138093351
52592811
-213035773
1.465858732325712
41839324
1.4473641588257555
286278851
542122976
337824488
232850506739125358
499174085
241836790
486410652
-819073004
624671767
37338548943670164
-578394183
362423694
-31505594
-85157644
3.8306513082408107
239669842169172888
139982417099675774
1453876540
3.7386637659038047
454090039746869676
1.2765019625952734
186766797187918339
96270961397742370
1.0496974051984038
430148456
1596121788036284
121152146
802925476
179069884
246356949042207508
37452848266223550
25.339128638075977
1562547411
17208889
-747748919
-284779660
0.3118288464903563
0.1401203001013195
5.078528882416936
30976741
1289183281
768056623
-865556247
1208137306
-64374860
0.5513318405760651
929886025
231946076
531371915928033280
4.804232723031619
1.2201126477442403
756684791
1539382640
100687732332608288
412659606
1.1886836043572462
72493843
109925089
252061017415816678
390957674
337589432470036734
90802137773552485
437400504
-726002058
0.7163020066858384
0.3610476912148605
1662316099
136741253
188730173
479511385
864532842
21550415
1.6487381277492932
2.597519395933293
0.4208996053811694
720851492061984384
174155688
1.0470098786960385
465300464
561254069169954314
72295752
659980389
16673725
257492263
0.048858204145158395
137800366
0.8582211790945138
32369120
1125440825
92093525388665085
-266086109
4659681767603224
1.6473430875010746
262637276
300390869
1453624767
1369829137
1359766475
699171676
43453034762159972
122058304
258770304
82699322
76282961
0.5648320668387422
3601180
39664300
8703187
595992404797761004
274344630
586261142
614977799
0.751535006198957
2.0117956693810783
5881647496100670
-443982604
249719420
167686013
471954662
430818978
139809744225027100
-178871238
197755497
411033760435651754
58000973943930012
432879550
235270542
333291749
358252959
0.05542465827969791
-183738607
0.45107026368422576
707094590
15934866
413446035
7.103921738853051
9426498
147944178
-536375629
-202860776
75852551649069939
332674342352955567
250954000
637288168
54318666315214860
770356027
-786734515
4963845
439466247
30960291
614803663
332087622
0.9834356442105978
27496963
-313136502
1.2076827815339994
69107382901695384
1.6289915280291574
0.29842306766552446
29080585
781164243
1167480496
287101157281438272
154918842250968936
781344888
193777940
273364580
970322932
1482230549
1.1342937207723798
825040326
-171269531
-748356086
288675250
0.41470918286603464
596074357
699397345
100757098
716889583
-729025715
440824019
297521461416981425
140978372
-209382167
83690111
176238979
0.6572702104998288
0.8458932576572409
927930502723672280
191427618
1082455043094264
298981034
-246393757
765968343
-31573385
510937892
131783717
755222452
-48640958
1430971047
48836122554310753
148229915
1.247097447462959
7234374585469652
20.32247242132904
671424458
289645832
1.4364871647398842
0.4417113063052899
85235116
0.2421222377259924
330301494
7518405
-354648541
287608780887314220
872373533
0.3746358989085064
166299878816214033
40334108
-397152350
127251406343179340
4483095290775258
-188875624
0.4728360984080777
111131563
1.0026171283309928
0.15855089443112655
1092055953
-555419543
1.1749075194722545
533810
185055223
0.8443923126946054
84149687827412568
31242457654755040
239282283
1131198839
917842702
71023533
1.2502195476726756
5626657911049310
0.24459944350247056
0.5659327226810594
431255073
161358403427476430
635697716
188346792
414986309
0.4285963162201604
-308258437
18139664
715125631
0.2800931996133887
-12623192
186721707555864830
81006057
930096085
14.55643782170284
3624583
11916017622634320
-316166941
37757969
806447865
182499508
1.0114753807959949
10434248
138029103245613588
156497370648036108
212130092
1.255855116974629
2.3429888796206315
2.2518880724333834
179547721
-289876171
69843890514455820
0.9905628213060342
1764247930
21138007567529300
-133372439
206170826995032373
564560138015100502
180336896
403347784536281265
732686630
0.18911302415835268
1078270925
9.34554970743749
4.597880754369982
31567635
15497258
322380765902148435
1355372864
390256856
6.562502364042074
73776401602599600
3154637418242100
190727869
25258034
0.40424270267808937
82782335
387320658
479784295
230272236847914112
1.1297893576834424
-134478823
181113279
239685913
56008593
221260999
523034025
102.51957403065752
399460597877780400
134410045
-424606320
99267009235980330
0.033678560096338336
259993163
665817510
11794913172258192
106982358385858248
1494478517928876
134509815
136664673019158016
-78436657
197250256
235588138898193666
353988816
1069121373
148935285
18541587
851768383
151928554337582447
0.16849547368692844
7.107224700821458
1.2464904164458566
1.136435809622779
300742814
23731750
49234888
-265992344
255693624958859046
106790562
0.6476304588483145
560484
0.04754668557347108
1455860547
6.865898689551056
4020536739394280
34466996507307854
557702312
1623288679
461537894
0.6328264618794112
1627752730
8.319716284553447
178373922178276629
58219743
496036946004362622
183252501
11260193
4.355041525219201
299217370131653054
741263727
134231182
705871255
134190796
831873385
-63264764
7.044418036263354
1189693923
-222425521
57803035
896743215
0.5155989594131064
0.42972110875879865
347536734817914513
948540212
169300104
1.284984945491372
36724277
664224170689686393
0.5322860567994869
409421822
106138378
483919296
806591273
275010038
387652581254190889
0.2541059285756257
2.286403416079549
812641956
1.3289842966381502
-4194374
693515781
57654184
18.20651583966486
415011382700747613
77355952
317888356885032366
303174024
18648802091179339
0.14380923382701147
669765977
131427825
55980875
209866851
307844333
16717533619821552
-4961426
989608500
0.21046926567172702
1.8470248165945284
0.14418355976985103
115722700
146562364007071292
216177709
403585347
0.9981794449195915
0.2510654461941404
11666302
-621208688
163152256466378942
203009698
98537524
107160857
1606474243
-882015434
840212946
28028555697491037
201120094
0.07678072808666599
-411503614
848692461
89829551
45147400
553206295
0.720456002805981
39791051
70994447
617767662
224087357771439386
416797004
730461106
45119741880967416
7025404987388021
44141841187642080
-213064334
327468939
2.7295886585985207
551727056
50984671
515630520505573928
175908737
51217675
302664160225486827
740679867
235501548
64926054
236494916
887790454
37703792
6.455335425408743
635994466
1.8657929597530116
531517404785886516
0.18413871276022867
0.7031718178012328
-822620625
990758003
629845921
151252523
1433456769
107445970593385294
55705413
370083427
248372044411678065
1.3129731205562076
-99091660
24211142232182839
-527206757
272746318
0.9815388508250542
383631008
745790359740204448
11542712
944645052
-327591102
0.0026867139896370952
347111528
2.1002032312873107
-405804407
226704213
1446975801
893531379168400952
169474620
1421500153
0.2552705519723874
429068649
456132537
4.176968816381593
810782215
0.4813479517417005
29400918424712580
-183655225
14463230
225242656
160591669898161824
15465285
759236209
573256646897091102
422912161
1172203012
671622094
17202965574030208
8.054360066876201
153548323951236069
-50824757
239510418
1899170049
49686294
231551612
134341377034916530
195026720
183854784886755138
140782271
0.0703069374459448
1470842476
35475381
547483498
360730095
0.6447649184794452
380817730
291332029267569664
174270909
292479597
10281529
1411710998
1520897749
194518425715084632
266607089031961500
75146022
464876210860832121
0.05166134663657794
739476232
102031010
0.8100283551904167
-795089084
0.3132230639974759
290997130
41404787
4476481461992001
1.339847894100051
0.7357877417840893
760483725
-88341623
260.885807308615
234112414
11779149
310110200
674829407090125708
-567040877
18348844
289696783
0.15250082664454825
-165128253
470577450
-559372991
454668029
3.339291564776749
3.335696285784616
781735500
1217530228
41783140
499608293
764182736
72222057
1380006287
1306949636
4702650
24817895
1116722548
317931783
708146450
398275961
1171586152030740
673123695
0.7356368093495851
1808819909
0.40934589010211087
19732083478339410
800403379
278190582372441
0.19756775408286348
47631111
1.0105315986557986
675467821
277058841
15.940394208720262
0.7155752255049693
571444763123007360
1295601621
381693421
179962139
540034605
-314836042
971548895
-104663556
2.9766473313440835
1031630069
762476449
50058350217257620
1227014196
286044527
124254263
11443822263802790
704271424
-296479878
2.2044020555155917
-381440003
1367146682
120406293860788004
48707872
743905185
43963155
939219605
211119081489829776
47322369
-443365361
36805869
0.1717893100085018
0.5442732697885624
387567416
104106571032521169
54900361
547350392
1533157855
21365670
-76745148
207651048037137140
802363976
478309215
182663104
667155397
-797636939
625939601
647316137
150090339671510400
114118892
9703443
318220049
199699157
-285497807
1.5914831057095207
1.034576511753038
855642911
139809418846784224
-210850696
12.393234799231399
522017339
-712747733
789677532
0.9909541395326338
89090167
1403735411
3.8250852026547113
2.5158125416567323
57634865
270043215562646383
-197407194
1370826058
18548934
154778691715577444
803810
889037962
179234909
351204760
1539586770
196797080263155288
238992851903587680
0.35642187636521594
-633464587
375938607
171562756
-225907755
-169063789
999100618
398240340
1.2138939847580144
761406209
40708486
1180853005
635551122
524631854
1630520371
434435253
259657720
388754075
1393464709
73698724
1052928947
416814086782350720
30195109
557685128
703272355
307379633
83603703
349678774371429335
-466228737
117833632
222708591
1.5271469143942522
0.6912268935364008
384323821
-362393868
519248242
1451007997
1.6138828531463638
163167585562502968
0.2567325201751101
0.14659538303197306
393778647
41662549
10.688472818921868
0.632761722093881
62051412
113136715
-22199293
745933395
18692840714472988
113786861
157856497
-75057121
769720647
-10132008
-782448297
69863939
170550437
109470358717561460
1291197421
1.9456949212093733
279378153608472963
56828697
-645904479
-337247919
-916808106
2.5929144818085734
12043668
0.9125013463674365
-354557278
4.400957733112148
-209556885
-306985446
840162286
95479403887226716
1.2011586933816407
0.23936109437228395
18821764
1697789921
19021033
-78424843
1458023474
852891240
1.7988376362824081
221791661
280828799
640000176741342236
75766033547384250
41288128
502589322
0.06928178052141105
1597108853127648
0.5230504876253552
357986847
1.1724666845253848
1.1928623788357113
5.181693472548282
1810318528
89293858
1.7695936415890101
153542544868941158
0.23917958275621534
850145883
851242108212522656
60402641
0.44476003563169797
1657586231
0.14000674223626788
93126949358551559
1351310885
187882453
388143686312354400
616037612084962690
1116075917
894145497
54919676736686880
0.7597113967606337
0.5520696743959883
-279640816
76083713
1024354367
53419300490567056
-276686994
21871683807122798
251052274
0.7764302186596909
-187967525
1546059159
0.9912327449335964
481996998
356185961
165498749
1025332658
71128444
16517692
575415348
320127591239948874
34951162
293245848
185843120
33409969
-503371552
1120976868
-959126369
131891531
68143907
217378651
127366648
22794184010091663
313006497
450664322
151707767
972255031
372360068
966371205
273207225
719702932
191551568
130074350
302923013
125871126
-41076536
37059272952011636
18287056300458792
1.0983863008888228
370904002454951220
643970416
18190790818271100
-432727167
58346469019638072
-686555341
0.24115763643388194
-383076530
266276565
1.5704439469506153
22846780
1762974997
29935095
9880748
13.330246761398813
278092394551891095
760590547
1165209292
169462526
142420097
1395263783
-267868275
-819211372
255704209
5.048297032046134
1.2603806955008083
23379462
57868894
20965892221725130
44388169436153906
29.384149779179896
549852275
389278268
-332781727
5430965461166648
269997042222984120
0.3580913605066125
-560265420
268264323
1938466190
1595475296
318839404
115005595
7541936
104574001129105923
0.8423250831606359
950982873
9384253669558296
-410545001
-205021818
-90054061
2181354
1.43541660924807
68094497
120964257
262426532
1.009939036891527
118527146
3047936
660867599418401746
791519595
257137049974964535
730142167
166193834417251173
334340081
-16810814
26105063999489182
19995525
1308452615
264090342109856600
129557855575640396
26456147
868158472953940342
0.7011884641162971
222745126
0.7103150251795458
387191635
743105555
-480273396
1.7150771464259937
436067261
-51577002
0.9399590467761105
808635822
27683751
44132739
-746096489
668296903
591016126187994787
1310686982
633901174506697104
-531383712
1.48920172063493
586027409
1300859776
844390674
-23346723
35491688434866488
2.111894488137137
251089522
95028474
75066376607120430
2621618
298430260
3987370621812736
470761229
32237124837290604
944875476251882736
1183137214
453220871
40365051364402074
851207129
360101060
1.1234597365849142
622292106
108893084027702105
104519841023473362
194812803876098646
0.01717492248211843
3331207022735315
140130183994779550
0.24266272794249583
63548112601337419
0.13412771399243872
516047629935340384
561248864
0.8000620918973836
511057867961905000
1729081177
32478588801610710
65055042915166640
1685365141
0.19466954983683213
769187574
1752289057
36090622729561664
131924799
0.015131911899701884
128084055754043520
31067544
0.21762311189084965
568188327
131433140084308062
164107382
482024210
23540045
279352228124175107
152228362
724273103
11.204778247292406
843730345
853867068
3086455
860027673
114976857313806552
-103800199
250419447049011555
900053905
565966879
462757546
614301836265384558
1211515709
0.26811105348529807
482600375
82360477
65454459
1485084943
1696599679
1073697740
980544467
6.0374427416644485
92712464641923880
798482687
420804071
170865079
889527776
1008745930
564956319
77216423
121813838
2.5796431170836214
37591069709324608
319669738833805596
151998
315642836
501999940
928215950
396168102
378708169004744800
73429149
735318065
642117359
1055886786
281490663
72314547926510070
-436654716
6.304202958217044
3103023997474708
0.20260368117462227
2.5993324845491923
682875668
701597047
1496907999
67081645323129492
1.3902054496647673
940050882
4718986
0.6729388386226179
984611159
710251220916415248
687393363
297367408
-444880409
52105712
505268938
66927923885122500
216858645
683792636
971877225
1036461100
-109225652
1.1523805009954862
240356776
69879591
3887351689289341
82247954488245000
0.07091119642916198
119091261512719551
38149454332302500
246009996
312502580
390880376
1.8167015815186094
971287018
854493050
0.3890909990163479
33113174
5584412
5.58180558803022
1126967568
741141890
1726248654
1315492068
1224008004
0.38679644551420084
134747255
1017591156
677153967
-165057592
125553924289736382
79145547
197275766
605067836812170860
0.03537569172950035
737693416
22719601
16659949576743824
1489231782
4.33617456581104
56212738
607964317
-794851737
92236400
0.5121903556674081
1008996129
1620950850
120984459
505727938
31190038
0.9942703996159353
138.216567924957
1456356345
1682113900
-680035553
0.12629637254254217
537673829
363729692
683328655
-133088955
0.7230004774492281
2165150758375632
1.118042541578656
32609253
200512635
19366539706586052
110748406
43089407110741948
0.10069285988369314
1366561788
1.002313575801732
-44721287
119024290
0.6184053168484641
2112000085679640
-243548412
9.752022803949988
197847493838320876
779418681
595524331
412679423
762995737
-256250252
-64392792
256545976
1340757
1318876404
123898810
44229808
0.1403048626901148
0.8048510155994493
-300387956
0.23478677552999225
35984374
-66130097
66581225199053178
681488656
92616908
516132490
255588081
427634341
1.037356161983385
-245569397
9151858557709360
0.8994492309017433
1.230954596684157
-456771234
-788804010
317896981
413951657
1232046953
462516903659011502
509071626
3.6438508190727292
310393284
133270973
9221752828332082
2.925101514640679
549366017100941170
8199904
858907371
1.2814421842550934
564604207822474164
-170507279
5733937
37515637
0.6122927781902846
2.5558590915766373
577070004949387935
212777553803993904
35925147
68661547
-94839243
110727571008111041
1.1526746138738206
1072065326
520061940623380059
38378960
10.805002568923221
892923603
492105100
0.7662123812804392
769856337
149483060331787650
157238440
79270348
387315626
13739816
1051169361
-67793995
1568048977
510508816276537956
-98987951
2474726
-706708654
0.8000502861287612
0.8572905000479181
35394563209084470
522508578
0.6788802105542564
15044937677424984
101537407812192696
798662438
277811872
854992217
100724318
-32312908
1434055161
-93575400
512470
45818071
10401584328369252
378639612493805384
473138987494490175
1181196821
-116563401
228549668
0.03904994697358721
39902962
113456755406692473
-8183297
241232554
276013189
59935734
56622081
11.090065318818645
1258868704
95357913
4.814050048430868
406669417710332966
19114291692442024
12073081125392694
6.077388213070144
-566782372
76561388
3811745
6.775414725451423
1435672182
709483428
482774624
257854361
1.1504334335733442
55690596
1128051943
331001252
173090942595558666
19589611
56735317454758731
0.05782648464624433
41504775
759972586
0.9139908460554211
220668844
0.444338305803064
2.0466919612264554
243932520648201551
0.46499731785701576
3223113433090331
292462938
389593499
1920821337
437151179714941632
-170038888
1702970727
1.7187009129129938
-660279107
324173165
1540678502
180916919248195088
8.071289472472927
97859469
511189152
1.8379948916155269
188776606911485058
0.10008874843922351
0.7807551075722284
533185379
712322518
163133207
1496919644
1263830678
445869302
18458732
-50944787
-419387107
0.5928043869850822
0.2708830384867788
15370871058578581
0.788893355902938
399517182198581692
52478084
-87908376
924764409
-31616410
923395050
96325326
21564509786107688
0.7017809980807104
905410841107436664
1272247802
2.862135869377303
-910747638
60588536858361878
18638502
1466737195
1248128
0.26513655414012327
2.1247570805355123
0.7005030252760817
1451967754
-78115033
21.810366232522345
531834
514134880
-96268576
39.18218156045156
749529922582602276
1328646288
774414098
365085318852191118
88758267
658531604
275865227
-161546161
50005446528164829
1.0783730590291964
1802436416
1289007628
1030770798
78570595
470959124530115265
24888830
-104513914
0.687766382107227
-222785801
1435627562
58029965
3.6757055528925893
348588155
69334185789209600
471876691304830104
30257231272053392
1.2962169567035107
129787603
23142906241056536
-177146394
755061664
532945592575379640
2.201931535794635
265931107623786150
32380936899342712
155380556
582374450589248320
144906058118339169
488970097
675438083
93520119
0.9525645307888635
1342372063
570173968
35829665991402608
1862135100
911266892
1618102821
28696032262000532
2.743114781239552
379529382500145748
1869554
-520769539
141437178
22428317
756105442
76908547882433225
4361507
355422181728915860
553465485
128089302511563584
1461990939
1562241665
826851163255921908
0.20116849474048773
6.388578365979167
-280001635
377217701
91805365
-258744135
0.5791482147280003
-572874685
135714162
1030256340
67931513482714204
-143045995
68034588
0.9965433810438334
160645257725854870
365705013
378394811
177347152
122536586671584949
1.47662048561742
0.8604459606264668
1038124757
-461521372
0.7777356736016517
1.3293691880010021
-18938650
-159975616
858132635
468845054
0.18283105489941087
276912674143795048
298572442857398190
1029677088
64990551993681024
0.689048995571316
414738073
3.0286368870856606
7215839
937058697
273410852372294000
398951501722016646
-182951740
36119256
182810362
1.3517537210120067
360999940
667911273
-207258248
730336770488992304
0.6335100035613376
0.09789857207599753
-551039020
302647224
219641660
-190062402
572266234
1348809407
-62136617
126699396176462780
292473296
0.12067770206040329
-229268417
4253725
877006082582870035
812732969
4.871084938021511
-938214171
72153304
703689218509733346
0.08558401814471432
81782246
670938499
153257250
223940113
503375965
-448545621
1296412819
128482762670193752
1193200961
115039961
2.0366497450899823
66214185
61873260
1587364504
1.7295453700383787
247833870
713339666
817307978
11728259
0.8194213530894673
177270508134781200
83940593
62356607005284504
434331681
47737549
1.8734234049177831
100909113
-876065795
0.753405196025053
471066556
35901395
101184965
134656752
1542907778
45393355
238614173
192438683
1249810332
256922719
479577948
-70648162
119230473946415574
60916609
410473312863536079
0.725656258755293
1.9806207984305708
1107191875
51803199
0.08999843500154726
730219773
76029733641518432
156449982
267417238954223820
186469882
100960116
58567394
0.37044497812067356
0.43461008229556297
20179810774926000
208103386
61004356
151785236
326909624
2097604460866284
0.13910107761432197
19.956189637547894
1722261595
337569286287480
8.290946689965482
1.0790039067680859
0.04777530345613855
696678200
41.68830435527531
2.258631093246862
10796065312863281
160799923
347227160
1052291248
1.8952154946321378
37115579
0.012343252385165563
0.2583019579763128
4806379
0.037169591086523845
138226069
277788934
665210223
0.0816802641099479
142712553398239713
0.645516727639529
105115792525475985
179955160
156109259
2203841
59875850
20774374747350280
-1613349
0.5513008914907422
928859084
136649472252121954
997200459
0.3739750838604252
1.462921867163035
-96780250
2.091690791923702
149894133
75580518605606304
1265067132
4.089081563042837
343749035
1.0338494674259708
626219118
6253888700100669
-252824268
4.546396843671659
1195951154
294321517
735320872
40293972206207755
-84282694
437197992920859214
81156664
173834398
51894803894338683
237537352538241300
564191415330265
0.6575311975657556
270986427
503137303
413681600
327151106423676274
1764892879
0.19063383586608038
137622831
2.6747738593586345
997509001
1087153385
31102250
267812278334757450
287792148
-344177032
3.221193330773003
0.27589444362555665
81488672639118336
1517225761
107708021091058150
594494
3.3258476043096
506245630
202910148500139712
802654387
410580948
17436153788514496
244696617
275564339
145163717
0.9495792257262775
412419607264858584
4.781080350111498
1.4586529952713034
710095524
1.8742302738969243
1.5101356382405196
571711381
166663039
10.285685512996661
647560989
1.3951475871779901
332550268
163150034788429128
1496615454
0.17876385187514207
7445175
17038102542629836
393044556811766912
8771799245818300
2.1632645934262946
86640677798449346
218255140
1285725271
860607120
1297368202
212554463
229636961
461042634712972957
47321608
813794650
32441558095785384
32421087052126354
0.5186849631348784
1165848697
-302137881
54679706
711852418
2.2466686160877063
1112189095
285089460
15954120
90264964
60370190945921320
177240541
495839929
593899475
13952747695341840
80549576790885528
19215261504585924
84174999654531401
0.6573515588252277
45911849
70975399
651948460
1065768445554450
-493287457
183362553
547798236
328191548
352389502
3917179
1136127886
16809830
56476723708745526
73266458990849427
44548126845560360
2.6202076407198325
626937788
18611225636443660
256710180199936716
153665182
4645812
467459763
645297704
846369072
7701330463978940
20677893705064638
0.487527212884128
-351904797
-696062876
-329945290
1.1766472715558651
317131808787466843
29135828450703590
626577077
783334259
1808020578
854845107
1545638363
-556033386
671562668
1.0686408734359378
80.66411123386116
68400341
5.5267370342091136
109199096
126357205326165354
1.3168291790822146
336110159
0.9511859668047639
-147650081
831600601
598778074717433064
710874715
270108525
-451783042
958470927
272504256930266894
349725109195298832
-223012938
612756200837548750
-660449837
0.03743925120207998
96142914
1600984775
153644577214836224
1323945582
0.2916057975455419
0.4285873852502885
-20752887
283227073
0.33585549909856743
-33274487
299946487558385168
1407840431
675281121
474320611280507529
211690609
54764545292427960
90945840024297144
2.3829898767780064
38181459
533010268645685005
15157068
46810798
1839684234
174593591358349800
0.42099004281641234
442868896
0.11011118172134729
-528590760
110321208
36077688216783882
652477343077189312
2.7853353916770933
633777209
91263901
459970348
-326617887
-444437293
780742666
812096276
1799233549
-587998147
439942186493422410
882580512
536813201254415934
0.15593044132321512
801272483
1207068550
1411690560
-572940134
694701531
1232295667
401366752
161558356741629540
499492996
0.42321205145632157
517441780429964331
28804972
0.7292285150191519
-494705104
1083699415
65636359294592779
13677528
74145234
2.1028068339002877
-475333670
26268988
391483733
389437526
2.0039214239434373
739644762
776472499
114043570
293292958547572529
709838970
156483763
4.746561340839001
3.2734180468339975
-230730191
0.03160388274119799
84443571
-646193328
1.9647396823974141
93016630923929855
166777675
600638796
279724408
23206737521236150
509915813
105174989861987510
267689752
4.117704883263869
636731263242624746
5320953
407008378419976351
314429732557448592
634581063
0.024632298907119737
1.2063930930101467
26741761
165892582
612184222
272943648
-50451398
341493161
604638018017477820
993984201
233342374
0.006859698216516176
0.332877866311047
519033708113725420
1384462432
3.502610070302481
82259407
0.10361250887592315
119578209066095339
808298593
1170617485
173335851
1.0390993212014423
0.7244345219282641
564123948684098832
0.6975260187561945
481062444444620292
265701695
743299346
504405266
1612680193
-138318711
9183801
130062388198633464
128892806
8456735
332501235
1.0741523150574763
629633283
127157227510107274
1621940562
8681056
0.7077508615156831
1557428576
-399072353
74900844
-353427990
0.8443692210620002
294502778768575768
89964056
4.324373877109012
-368024789
54.445261760360836
252660368
43775831972292186
80480146
1.9605052440267268
235409400
745768724
15800107
396953071
1741425609
467372954
399232367
510868296
339611371
0.9826347964372402
2.477633439885161
1022886143
1.6841741935520702
0.3447513489214984
214794754
327700966725581840
2798751099634503
0.40296003899302996
1702047348
455801446
0.7493771545241138
13794541996526187
92192910
0.9964788104851188
1027301864
0.7130460949365245
412636545
51759594416781062
3.99069488430163
95371625684990512
41140614
778318473
353011444
0.2897334860788014
0.8310797087811732
16.88469072811372
-916816117
575084777266582
2.5197140505502396
155067462
4.24297084878544
30850175492934556
279273494
7487617
1.2155087619333609
870192806
0.8672528525708364
0.5054938390438297
-711797923
267092175
187832304
24104568
2.6391047796748333
0.20670364639398697
154020526
-910889941
0.3961906054340979
744390301011052387
576061936
156219641352785107
1526362139
264636373847016850
114062153298672430
1086203260
-340731218
517981420
463431514
1433294734
498318601
39074307695845464
2.601112768637066
1008885811
1066899283
482327341
55286373290629533
738555321
-266810738
19563403
280164472534432845
19191816
1081118032
0.3898599771798424
224486039
91072635
34920626
14600458707000320
627600093
429464245
1035966604
28456275092222000
487955671
6117389
326414593
0.10228645867748519
0.6827656012642412
1950801
36073515
81574371
0.124977174707536
1492861963
73259534
755495103802147158
1.2449178201493685
241832222
79678384263260057
21327990
16272556453970712
429747908338438144
489965899
841101982
187148484
36063355
702246363
1.2820911128581889
1.2078221002610638
1028147254
0.2376570129078782
0.0991514356518224
-40964025
22603755
774615687
0.7190400696107986
8182580265868752
154537432750477869
1116436663
208964429
75678137279026800
446210739
688187930
28536827053864670
303990338314065744
-361992210
1521781950
26886049133999328
66978536483686710
393132442
238280412
503639183
8711657
581932073
376847111
1925313054
584686875071961155
1333292391
7198942
294209041
1668616680
-215526990
490015886
1.7711947268879078
0.7119770617272166
509243459
124016979
209276339
981490204
517919905
275251367
137733837152297440
0.3291450845254497
1198221241
2182608745042896
160200207
1.7974485703030236
173816365
13.902074138659021
39934048
34160415
18229150868803542
99307734
98160266978123427
3935518272872025
101384330309125920
347437649792422000
379298469
452143122276996468
3.553275379501911
2184388
0.6373999070230159
240855201635853000
471643433
156453740
609271220
8.532581628383951e-4
438284874906387375
267016853
30600762
283843464
538562333
-72738442
942531360
1093476413
2.1281481172352854
0.1199733187201106
0.6101543287141725
6939540895722225
940744677
0.13891802113730178
951148124
0.23512105543538664
426708351
136997426
1.04785986700687
215225226
368728840
1200504790
652372782
0.03139469217918484
0.9180747883350583
1.226244095115074
178076805
254700829
1540282171
4.11011862946481
11980859
0.007715325505109459
540344462
333422101
1050142637
716458162
296493096
240331445744689626
59934748388146554
0.05371197163089099
34232066
611624042
682559353
1146470993
1001198123
451778317
548603250
722643420987474
545607236
332190605
260249282
238316512
61215579
0.6977466571681168
287968084
47030726
13760109106802372
7040094
1201981772
-453412741
878482439
19101439
54650762100158020
43793382
47681219
1283437049
930129574
1513903945
9603403881790246
2.119838045260171
403334654241178926
7.284740250030959
1.4609670420953784
439139949
80528199895683312
678710717
-427405535
39480304
-377360424
782938763
159339229
0.11415963975667325
149370794
199237475355705708
2.8319508764453896
80509050457884598
1205090932
49353689230172655
0.7034853459819954
17949572382362868
-597192310
491369688598082736
0.4089698075294792
562697052
114651482
1674678180
98899590
135580106
307150388
99411550
10329069
584443421
314112524
0.6902687657512487
1116852829
101206329
1.6125330913121092
99282517
53966016456049764
87529470950653086
253033955
1549764250
-85052769
-417584196
148410325
177810058
0.22040380770517384
1789198110
4.198984843845238
357847127
1.046862698680991
135027282844322404
162819495
-385058808
71969657
124263130737246276
350630354173429870
761197580824959528
1214505556
359057690
626108239
-97183960
542680485
78092709902142624
28794434170318950
303992096
232969246
207449047196701495
739764737
1.7160287454562742
58220394
266836699
944474235
487916092
80606664
72464564787136752
238600660
265236617
1.1136383554396725
663072
1094718747
123001410313297563
106237092800474083
189042597
4987871
33286915495915260
512853267
995369247
-302445239
0.18315931867310958
-945418547
52252919765534400
156655163208286589
6623815051547560
547564453
1.7112788646070471
0.9324585645005377
364126907
29417319606326607
1.3210748134193746
1.0848618283288434
159386352
574021888
-116559838
97719453001665792
175236432
0.8467442696100081
-392535334
30781454
274869551
890599017
8.215563941932903
1141232495
0.7785612116187357
0.14421386950076534
1340343896
0.5082669163155389
596333458
15190870
195852182606266344
-294406809
7.019165327084455
252483477
701825029
13428141474193587
50715114
1.6779577642505714
394129900330395136
209150962
221835467
116848380
965191418
11527863
122478765409208280
188982617
0.3135807945182933
18.288673264449912
119142722266771856
802683336
1228887950
1.2862417046334367
587866452685967624
-25487377
30023244222951460
-3150221
21880485
2.164982487953693
-576711685
196534378734369918
1.0866854568653421
26061288
-180265032
461297990081403111
1217249070
82844827
762366400763287238
582648432
-535487370
7104526298639700
82162731
53068770
1797719175
94736380
2.0257660938769897
1426720680
1088583989
87742426
336569161
410900038
44893395707539116
874395413
47752714
1254141623
0.025646397122569352
6008953
12.882922106832098
0.12713192846475954
157436825
741202584
2.1264654442057
169478672755894569
241166733795411391
70422452351197506
0.9856182937004171
252812160319384474
501774715
0.545681686488675
0.5039927043482897
8017035
0.8588072665685808
0.6761765265391868
-2723859
0.538892351381133
301782229
2.4626833140321263
1.347638631735042
190598756
0.48214665526168743
-11666171
142128646
467508814
2.1785159295532917
1278487037
620071643
1668684620
0.4663533670380381
43040675
216609614
380129903
70964397
1422767114
58806934649190000
280898330
75528588
522656070
196286842
951544233
6606962
249970594
841707596192659272
144175552
142935740
363683609
62405093
390003224
63868761
156568862
41973959
-94649455
40243387
-255246664
510086207
63544
-184757680
-277827732
2.492729588996928
-296564806
8841697973237558
128917379711230502
2.873648982301615
-321898085
233895958
414927647
0.9499249733805807
147251749
0.01428496843386042
351636541933736936
189773631
-129884358
1.1623716279181278
0.950830864567079
256279612247195031
13408690096262625
479813903152694316
1127901196
0.22376564824234613
325591754
528903
4.993322731395126
78516247
0.4605456859462009
0.14392658559532587
25953083
0.8382270331022321
348668805
686571273
6.088730408827133
1.2858353077359383
889485559
900122723
-316604501
41999064
3.0059722748020827
60247712
0.1140965067409539
287735475406840832
96543866080133625
319135818
