84036
1.479756821272801
505137721
-524084596
703703084
1156605917
251697493
27132704540661060
858600585
63575089
0.24887248811230395
1.105120508007373
238114119116453775
391590851923560751
317056025
265102473845795200
389752832
2.057787697548067
-77762757
221189456
1397986
274052056
691923838338713799
9.736060540439098
605554051
1205742505
607630867489749925
5344179
98357928
49100433724481440
2.5167514370598814
11260264710465639
0.2910282948131373
-308991785
1851214850
868960795
25475036638922179
390805102408717880
718214138
368607249
1777885440
153472747
909199982
262071164
0.7032017772957649
86646641
-479463856
1345295965
1062355150
210883073
1417268470
144876596
360561446
-480700926
67645623
376224690
694362620
1909349199
0.984167604110139
-515866379
340031744940068968
0.7462746717560736
5.040800734987136
-111695914
4227735
43054754
157119929
921691735639105
-408521556
118119526
75362324
393155110
7734453
-718748962
679922682
228321472
36010606975378958
1512201390
16.251673397694915
251505463
448593831
0.09232687467820513
137998793
181949936
2.3454195776057087
190306952
56499009
323459334
2.3966247873101714
0.16711900319326528
1.0848073638942721
0.7509548501294712
-75155280
964851985
0.06169926834969151
0.4553294808616465
9753095765691200
38.624499991034725
3.950466440909827
2328650
33399325
-247076111
14625425
-484620344
35.24654616675129
641777176
592459620133918851
1.3889551013019257
1.191550308114345
-247999170
0.7632597038092668
0.6175003222395323
1.0131586736620983
578986089
223382482
361236932236419321
-343665463
9337454
2557183
22627927
1.9556919494263616
262643315797259550
0.8656205051969065
462610503
420746079
-9409735
603018082442413440
27347075
792343595
644493501894713016
389906375
-916044076
1.3136012660544603
169929224
460267390
5.039423020221251
1107439229
114514856
815656580
2.1919174878765144
-292076276
787544589
199481008
1.0428669461058213
610495213
621160029
-56194878
-359765025
120523622743837791
21595976
-270465821
447879646820618982
1.3745859372952371
36609264847801716
478740904
556748342
354346550
643407033
483216859
828204706410814950
1188836879
2818662
0.8154320284401624
9964193
772057660
1.1895772608798196
180902632
3.158456172771146
569207700
203869625
-259976887
450309778
-230406048
129512454
144478689
1.240718347526215
0.9160014592703223
716176483599765174
1360178247
686358313
34148575510594812
3.1573202219137264
196864175403108780
306184732
30018734
242439642
452395936
0.29813023589954907
22362178531029904
272205736928378640
2.3735821388801295
93240803
255323829
34668771
1627094125480912
45234158340731490
902203761
-409187850
277417488
9319923
931590812
131011309
1.755622539734062
40041396
16091707
132.2420823155965
289225842500175534
1381103320
328988942
0.2325664398508213
-121525213
437736513253041
0.7484434906081384
106535009
314523234
-354287794
397084557072831488
1.5162988427663644
144752795
176560377003406227
255291222
302018036
1328545999
1.7001190538834368
1931295041
282820241
-609469286
-45040520
46260290538635166
-312099795
714999863269956352
85651448
778196500
20569597
-820953665
-180081719
750417841
606033251
3.21337518806344
44852392
-394909247
392489232
-851603655
0.421702649918519
59465700
0.8279222512260916
24508285
254801161502719270
693105621
68599863
0.11250454328816065
534760780888615987
-173192394
492099437
711989534
3535607
891242553
0.9386138584063873
199839359753455608
786330511328232048
1455125312
0.8240522711750045
639640076
713929144
7520433668493174
912679363
287149282439626012
0.47194991990342916
116.31632625384403
44624035582407026
215157152
1350085662
148634470820418750
142664047183730040
1676113755
3381017
104510672351126076
309401338746381000
1770424735
905725709
1132035952
5.0234356588981
50488404
5.218999811099389
549752433
730280269
54323593
501444917
156374721195874866
36213142000991578
486291814
-385945508
-561290505
806062444
316461422
45117648
109778082
767824733
419381245
0.15160847259635835
34745744
555824576
815311002
1449229893239700
3.795968123133827
672860178766784736
707358311
1521816031
1381869155
0.1271166874659757
-127977687
0.6189477088405647
1559439296
766662182
81966107084509926
1.056549182577398
12.989403729556082
202331409051500910
-479912424
61470897136556000
38112408
358391783
193879534422492408
-710565247
559776289
25666310
0.867274539785325
0.6507513677500792
337980879737062231
1452650052
67131935369507736
72441142
194425973
-54419514
178183791445682664
79806854980345716
6445041947721300
43705074399278345
964458581
508009640
2.516741791008261
591443368
250589786
1311220426
43526232979352043
84768107
766255683328189549
0.38944752530939425
682535222574554008
-169970154
267395033833518338
36442222
541093851
1333899773
77135244
485855654
0.14402752972751603
267005587833216
136250273
6743680599006120
375665697
728374659
0.7555362085927746
1676248120
-511689001
1.0032508592601406
27937289022638790
0.11653139004593017
-130641497
116264891
-455038910
714064051
743743029
711748969
4.1337597198395475
81944140023822266
583774435
836631907
15789856
784775551
0.03352493184767327
5.93260398946058
190966181
30532622548927520
2.132758931617936
0.7086273645397609
20360239
831850784727171
1.2080272122121625
526713484176626876
833226895
336405061
125118950
1216757855
1.8803971117910268
-145573131
1125143912
787103835910890540
185304347061843861
1037027439
164644739113812558
156105415
341963732811797030
277935660
139875327903355788
2.068135957086239
6.913468335550326
281199203
532994030
195760599398494048
0.8034959812421079
257752900
177219230839860544
-371256441
603901728
-516303776
1827519315
9.048042581541047
95454911517725474
115602813
427304603
-160691563
1320927952956072
-194384707
19632676253745117
470962081
51422193
451564900
141620503
92626012
193807552
0.009906521795218465
-218516020
894873492
962789489966151
602742376
733554844172535112
0.2645726862498473
110812110
0.9612986725055741
221314856
13728039
1236784208
-168021192
1287873189
0.5853612298901675
14235326
-956827185
1645400852309790
754945244
763121294
725184941
2.0221381596609525
1671346633
1161237774
-569454776
320905016750194536
1455838208
63504423
1171335278
217567244
511089850
831907294
417460419187490250
1329623363
37596526
378523218044551308
0.8439159404746014
214119239405236214
132780001
152735408
1119042919
1243880008
934073362
126572466
-63594982
1633015347521394
484482492
524514288
871101610
4.531490458741246
0.9617277512525245
82639888791918276
711466350
797294122339737852
-498804629
1.1918201840936
4.000038428992541
1095973056
51947019565275653
467426423
178188936
-293063995
32475163
853792438
15850760
1023073940
1022710344
447695715
614940943069636862
1.1654188013384073
0.8775141926359181
39713754
855274920
0.5585530821813852
143860262
6226031842622514
22519859722538384
467768044536847504
112563324300464976
1208381524
1.454592238017259
534169347308724093
-202065052
66122080238313100
260547418969874785
0.7481881801015015
24245268
-140181308
95524292498144971
44612905813684816
306295084184469600
876020275
36049661
403069342
1705525912
35190160524816113
605012932
1000983075
690171266292729228
37670789
40666967
167837551707989553
781875383227091208
247973344
-7546381
579893866516987176
0.608259019619554
311369817
168393884398359780
472316645483700488
42958910
7.885872842630356
98219215
0.09227542114362937
84906219469102380
1011692783
293731312
861054481
325794458
-227153434
1.1082987190235931
65968194260434249
99522027
11963822
1.1860403644785469
0.3508770984384791
795041332
-361905688
1.04158886171453
62786693
0.4242669027934419
0.08183661126064287
7353839858881811
-809810553
394056739
0.4420121053287227
0.8665185115527595
530966442406153329
2259032
1.400397685716028
331956997
585663632495958038
28722830436744147
577830369198537936
84138689457684
-377762669
347636681742469257
795926761
0.3303804668966228
-74490980
732048431
-793671412
48914343
25605742
802755533
213133142
15258059157984008
88562988
3278520921822214
836108244280361250
0.37201352813251837
212970463428223624
813772837646200495
602647138
738875979
1330926261
-362665271
122612640
0.5904503420421805
1018108201
1.7598707805628329
1.6440867654034708
454248096
58111857655482594
543899974
0.9213343996085774
7090220713932736
604579924801807104
0.8836254890893579
8940865
183958883
265353334684194750
1709660439
4467837851281560
222071499581053437
-194733778
4.297183162767947
810637902
2862010777384374
308467541498838263
134087217
0.6893720380337754
0.23504971052039722
0.9536725175160535
16513312426352324
33131201734264491
-286614657
33085672
506059528
108746900647237850
2.211308634313547
0.6373200081591409
452511916
773072226982983745
31826214
294288922
5.281298787626508
219667096
0.9220831049369416
1210067068
-116800035
520672501
621467344
817405577
61313175
334239142
1594824531
741618126136211912
393014936492372011
4058583923103140
5597088787069320
-816405774
405856852
1226048927
6789759559289637
10904092
-250600704
250707164
0.9116659963091515
1.355438041646632
-92279953
237650025
-204406237
1112105381
0.17730805942949224
107735124
700372876
8.324927689062136
78104513
-84177972
568307
82323513
1109960790
25739549880948366
-38337440
395597278
-287683935
1545151969
1.0051176408432259
5806863315355752
532621703
678707137
1368236291
544663179
0.22649494787034605
220287792
781901824
491065779
95406839
-576598962
54982620201587972
821953713
82930215
42545097
298670930
572748563
1.027965561493414
71111367198877250
974640795
900198701
0.4812954421941317
1431610352
77308452845725248
138156776055144862
162181827261341888
51655993282450728
1271318289
1267970258
176758125
868462747
0.22471470750064254
94045776
1401123815
903465994
96417935115982862
0.7313142793221356
0.8819840282129388
1.951035648872633
638171520
56987234872022181
0.5983198745722846
551089178572145382
659078206
1037649501
1293879279
1.0029536129298255
62572308513959874
0.455744029507674
384078413
1.726983061505883
1.8521503162975352
1.662944120895238
402653237238928056
0.009422532402200298
814297384
-74465025
-26527816
60459296
0.2854130377126549
1122862840
885245516
1.530713671648483
0.8520165283916924
686350544417687922
296480554
-356778468
0.9630264253891182
1230887071
1605268831
1.4668865839050256
537867582
-871842252
757962370
71298688
0.6991644200082482
52474601
10508921540089324
376226229
966166329
0.3383838501102739
526342948
-829808313
634620117
-48888145
-42743064
33010236
0.5727581665031343
701494193095011197
494283767
49808445
1555729808
505628685
68966301
885074384667281127
537369901719049
1.2888025278150563
1.4578809274516553
0.11627074289107792
440032146
322145882
176951086062191912
701337071595963816
1576962860
-198932869
404599595
193240551
-167188968
107.24785417788512
296407671
962166673
531122620462743750
0.3447677449578883
37107680476312653
518802399
-736763077
-382228627
1631536554
-341929101
1.1422096499444916
3.1620966909738404
872624702
9.294284195918387
1.9135836984352559
2.4594057668171523
973197733
108355088490276822
97422385
165180224
82521256
1073196227
0.36732595612704316
0.818052209159737
0.9594704983566845
1663180660
1054363104
125221800
662201371898326761
-152507421
202788577071920964
405540435
1660399764
1282714248
307465965301148850
1688199881
495602824
0.09762525061081112
169238219
1315058568
575975211
-520439561
-680148674
493776813
1591409494
523949065212161260
742060115
1075502127
883560330
-856592840
-695397797
3.2080933829276344
-25157581
4.667091391794322
458598055
1115585740
0.8585852066105614
1.043489653108488
98123989
0.2675174565059903
-449454395
1054651720
118818356490496772
775011702
-560272938
3.5424050347513565
776252160677259244
-152297503
378356469
122852662
698018544
3179711704827658
23107417
341156144
695991822
328307314
39940362
0.34026058957602745
0.7109852106685877
714200756866737728
578054556
449509403339733912
18261214060114740
970692988
942721438
-721185457
0.43440388845642536
35587462
6.98099841823436
30.051550829204654
-506573868
127222387
109438409057437461
-416829353
0.462809225404577
358686878
89939630
1.5367870912069839
783843889
183138689688833286
657569771
624293749553707928
1699488796
448877897
80493276933392732
0.19993575867470173
91612028018894062
528178332
1030352426
0.36967604545258914
272129842169104416
1236530031
61022631496384756
432424256
25437046
1.055964560914226
-144194261
560910214401491877
0.8214643487200263
-514464882
9342621
1.1550254904799264
278213466
773757513968073096
1454326256
1.2533078415978347
0.7814949938493103
995545468
700308242
75607122
1.447524948667395
257648695
845331326
0.8427481011229753
684200499
3030500897307436
173199080
416713246
431644899489658173
57342502856358710
875397296
1.1252817521491845
-41689415
357599955
169151280
736285147
0.19098561227770586
92702747
532367194
53813883
813058053
115872841105702770
33610125
75154438
427384772
797658930
82102764
477926641
0.410607349823193
397467346875052863
205644209
0.3376242054603566
1789273150
1469940961
41.23556169196758
862537325
1664432136
20733643415839563
8358559391775285
55954710428127744
59515643
0.058562487944717224
6004580702450264
255672565
1575114622
510688412715937794
179668239319286826
143499692
3.4047581858500906
213023807697384762
-109507997
0.6307982537293068
-531779888
0.5408704440340004
-102616012
1249214062
352440282
137797235616848240
-290996572
306927915560836896
91324089
3.9671787382833736
1443060848
0.5785558007171786
-19776184
-748976902
301966066
4.465768070181554
544111518
372510082
44741511379745372
17038043
-539823740
70489584061096380
54414252691721923
387008864
178870515
1524751494
-535632183
939802269
84141013
