Base path: /Applications/Unity/Hub/Editor/2018.1.1f1/Unity.app/Contents
Cmd: initializeCompiler
Cmd: compileComputeKernel
  api=14 insize=10881 outsize=11273 ok=1
Cmd: translateComputeKernel
  api=14 insize=10529 outsize=18389 ok=1
Cmd: compileComputeKernel
  api=14 insize=18299 outsize=9365 ok=1
Cmd: compileComputeKernel
  api=14 insize=2867 outsize=1997 ok=1
Cmd: translateComputeKernel
  api=14 insize=1997 outsize=3137 ok=1
Cmd: compileComputeKernel
  api=14 insize=2343 outsize=7229 ok=1
Cmd: translateComputeKernel
  api=14 insize=7229 outsize=3105 ok=1
Cmd: initializeCompiler
Cmd: initializeCompiler
Unhandled exception: Protocol error - unexpected end of data (did the Editor crash?)

Quitting shader compiler process
