--------------------------------6 V 2
ersion adaptada ------------------------------------2 B 1
------------------------------8 X 2
rsion adaptada ------------------------------------2 C 2
----------------------------0 Z 0
Version adaptada ------------------------------------0 A 0
n adaptada ------------------------------------0 G 0
ersion adaptada ------------------------------------0 B 0
-------------------------------0 W 0
Version adaptada ------------------------------------0 A 3
ersion adaptada ------------------------------------2 B 3
rsion adaptada ------------------------------------4 C 1
sion adaptada ------------------------------------6 D 2
ion adaptada ------------------------------------8 E 4
on adaptada ------------------------------------10 F 3
n adaptada ------------------------------------12 G 3
 adaptada ------------------------------------14 H 1
adaptada ------------------------------------16 I 4
daptada ------------------------------------18 J 3
---------------------70 a 6
--------------------72 b 6
-------------------74 c 6
------------------76 d 6
-----------------78 e 6
----------------80 f 6
---------------82 g 6
--------------84 h 6
-------------86 i 6
------------88 j 6
-----------90 k 6
----------92 l 5
---------94 m 4
--------96 n 5
-------98 o 3
------100 p 5
-----102 q 4
----104 r 5
---106 s 2
--108 t 5
-110 u 4
112 v 5
Version adaptada: 114 w 3
ersion adaptada: 116 x 5
rsion adaptada: 118 y 4
sion adaptada: 120 z 5
Version adaptada ------------------------------------14 A 2
ersion adaptada ------------------------------------16 B 6
rsion adaptada ------------------------------------18 C 6
sion adaptada ------------------------------------20 D 6
ion adaptada ------------------------------------22 E 6
on adaptada ------------------------------------24 F 6
n adaptada ------------------------------------26 G 6
 adaptada ------------------------------------28 H 6
adaptada ------------------------------------30 I 5
daptada ------------------------------------32 J 4
aptada ------------------------------------34 K 5
ptada ------------------------------------36 L 3
tada ------------------------------------38 M 5
ada ------------------------------------40 N 4
da ------------------------------------42 O 5
a ------------------------------------44 P 2
 ------------------------------------46 Q 5
------------------------------------48 R 4
-----------------------------------50 S 5
----------------------------------52 T 3
---------------------------------54 U 5
--------------------------------56 V 4
-------------------------------58 W 5
------------------------------60 X 0
-----------------------------62 Y 6
----------------------------64 Z 6
----------------------------- Version adaptada ------------------------------------0 # 5
- Version adaptada ------------------------------------10 ? 4
---------------------- Version adaptada ------------------------------------6 * 3
---------------------------- Version adaptada ------------------------------------2 $ 4
 Version adaptada ------------------------------------12 @ 5
--------------------------- Version adaptada ------------------------------------4 % 5
--------------------- Version adaptada ------------------------------------8 + 5
