a 1 a 5
b 2 b 5
c 3 c 5
d 4 d 4
e 5 e 5
f 6 f 5
g 7 g 5
h 8 h 3
i 9 i 5
j 10 j 5
k 11 k 5
l 12 l 4
m 13 m 5
n 14 n 5
o 15 o 5
p 16 p 5
q 17 q 5
r 18 r 5
s 19 s 4
t 20 t 5
u 21 u 5
v 22 v 5
w 23 w 3
x 24 x 5
y 25 y 5
z 26 z 5
A 27 A 4
B 28 B 5
C 29 C 5
D 30 D 5
E 31 E 1
F 32 F 5
G 33 G 5
H 34 H 5
I 35 I 4
J 36 J 5
K 37 K 5
L 38 L 5
M 39 M 3
N 40 N 5
O 41 O 5
P 42 P 5
Q 43 Q 4
R 44 R 5
S 45 S 5
T 46 T 5
U 47 U 5
V 48 V 5
W 49 W 5
X 50 X 4
Y 51 Y 5
Z 52 Z 5
# 53 # 5
? 54 ? 3
* 55 * 5
^ 56 ^ 5
$ 57 $ 5
@ 58 @ 4
% 59 % 5
^ 60 ^ 5
+ 60 + 5
